app/build/intermediates/manifest_merge_blame_file/debug/processDebugMainManifest/manifest-merger-blame-debug-report.txt
1<?xml version="1.0" encoding="utf-8"?>
2<manifest xmlns:android="http://schemas.android.com/apk/res/android"
3    package="com.tempo.utility"
4    android:versionCode="1"
5    android:versionName="1.0" >
6
7    <uses-sdk
8        android:minSdkVersion="26"
9        android:targetSdkVersion="34" />
10
11    <!-- Required for accessibility service to interact with other apps -->
12    <uses-permission android:name="android.permission.BIND_ACCESSIBILITY_SERVICE" />
12-->src\main\AndroidManifest.xml:6:7-7:46
12-->src\main\AndroidManifest.xml:6:24-84
13
14    <!-- Allows setting alarm stream volume to max for the acceptance horn -->
15    <uses-permission android:name="android.permission.MODIFY_AUDIO_SETTINGS" />
15-->src\main\AndroidManifest.xml:10:7-81
15-->src\main\AndroidManifest.xml:10:24-79
16
17    <permission
17-->[androidx.core:core:1.13.1] AndroidManifest.xml:22:5-24:47
18        android:name="com.tempo.utility.DYNAMIC_RECEIVER_NOT_EXPORTED_PERMISSION"
18-->[androidx.core:core:1.13.1] AndroidManifest.xml:23:9-81
19        android:protectionLevel="signature" />
19-->[androidx.core:core:1.13.1] AndroidManifest.xml:24:9-44
20
21    <uses-permission android:name="com.tempo.utility.DYNAMIC_RECEIVER_NOT_EXPORTED_PERMISSION" />
21-->[androidx.core:core:1.13.1] AndroidManifest.xml:26:5-97
21-->[androidx.core:core:1.13.1] AndroidManifest.xml:26:22-94
22
23    <application
23-->src\main\AndroidManifest.xml:12:7-66:19
24        android:name="com.tempo.utility.TempoApplication"
24-->src\main\AndroidManifest.xml:13:9-41
25        android:allowBackup="true"
25-->src\main\AndroidManifest.xml:14:9-35
26        android:appComponentFactory="androidx.core.app.CoreComponentFactory"
26-->[androidx.core:core:1.13.1] AndroidManifest.xml:28:18-86
27        android:debuggable="true"
28        android:extractNativeLibs="false"
29        android:icon="@drawable/ic_launcher"
29-->src\main\AndroidManifest.xml:15:9-45
30        android:label="@string/app_name"
30-->src\main\AndroidManifest.xml:16:9-41
31        android:roundIcon="@drawable/ic_launcher_round"
31-->src\main\AndroidManifest.xml:17:9-56
32        android:supportsRtl="true"
32-->src\main\AndroidManifest.xml:18:9-35
33        android:testOnly="true"
34        android:theme="@style/Theme.Tempo" >
34-->src\main\AndroidManifest.xml:19:9-43
35
36        <!-- Main settings / control activity -->
37        <activity
37-->src\main\AndroidManifest.xml:22:9-29:20
38            android:name="com.tempo.utility.ui.MainActivity"
38-->src\main\AndroidManifest.xml:23:13-44
39            android:exported="true" >
39-->src\main\AndroidManifest.xml:24:13-36
40            <intent-filter>
40-->src\main\AndroidManifest.xml:25:13-28:29
41                <action android:name="android.intent.action.MAIN" />
41-->src\main\AndroidManifest.xml:26:17-69
41-->src\main\AndroidManifest.xml:26:25-66
42
43                <category android:name="android.intent.category.LAUNCHER" />
43-->src\main\AndroidManifest.xml:27:17-77
43-->src\main\AndroidManifest.xml:27:27-74
44            </intent-filter>
45        </activity>
46
47        <!-- Settings activity -->
48        <activity
48-->src\main\AndroidManifest.xml:32:9-36:60
49            android:name="com.tempo.utility.ui.SettingsActivity"
49-->src\main\AndroidManifest.xml:33:13-48
50            android:exported="false"
50-->src\main\AndroidManifest.xml:34:13-37
51            android:label="Settings"
51-->src\main\AndroidManifest.xml:35:13-37
52            android:parentActivityName="com.tempo.utility.ui.MainActivity" />
52-->src\main\AndroidManifest.xml:36:13-58
53
54        <!-- Accessibility Service declaration -->
55        <service
55-->src\main\AndroidManifest.xml:39:9-50:19
56            android:name="com.tempo.utility.service.SparkAccessibilityService"
56-->src\main\AndroidManifest.xml:40:13-62
57            android:exported="true"
57-->src\main\AndroidManifest.xml:41:13-36
58            android:label="@string/accessibility_service_label"
58-->src\main\AndroidManifest.xml:42:13-64
59            android:permission="android.permission.BIND_ACCESSIBILITY_SERVICE" >
59-->src\main\AndroidManifest.xml:43:13-79
60            <intent-filter>
60-->src\main\AndroidManifest.xml:44:13-46:29
61                <action android:name="android.accessibilityservice.AccessibilityService" />
61-->src\main\AndroidManifest.xml:45:17-92
61-->src\main\AndroidManifest.xml:45:25-89
62            </intent-filter>
63
64            <meta-data
64-->src\main\AndroidManifest.xml:47:13-49:72
65                android:name="android.accessibilityservice"
65-->src\main\AndroidManifest.xml:48:17-60
66                android:resource="@xml/accessibility_service_config" />
66-->src\main\AndroidManifest.xml:49:17-69
67        </service>
68
69        <!--
70            FileProvider for sharing the debug log file.
71            authority must match the string used in MainActivity: "${packageName}.fileprovider"
72        -->
73        <provider
73-->src\main\AndroidManifest.xml:56:9-64:20
74            android:name="androidx.core.content.FileProvider"
74-->src\main\AndroidManifest.xml:57:13-62
75            android:authorities="com.tempo.utility.fileprovider"
75-->src\main\AndroidManifest.xml:58:13-65
76            android:exported="false"
76-->src\main\AndroidManifest.xml:59:13-37
77            android:grantUriPermissions="true" >
77-->src\main\AndroidManifest.xml:60:13-47
78            <meta-data
78-->src\main\AndroidManifest.xml:61:13-63:63
79                android:name="android.support.FILE_PROVIDER_PATHS"
79-->src\main\AndroidManifest.xml:62:17-67
80                android:resource="@xml/file_provider_paths" />
80-->src\main\AndroidManifest.xml:63:17-60
81        </provider>
82        <provider
82-->[androidx.emoji2:emoji2:1.3.0] AndroidManifest.xml:24:9-32:20
83            android:name="androidx.startup.InitializationProvider"
83-->[androidx.emoji2:emoji2:1.3.0] AndroidManifest.xml:25:13-67
84            android:authorities="com.tempo.utility.androidx-startup"
84-->[androidx.emoji2:emoji2:1.3.0] AndroidManifest.xml:26:13-68
85            android:exported="false" >
85-->[androidx.emoji2:emoji2:1.3.0] AndroidManifest.xml:27:13-37
86            <meta-data
86-->[androidx.emoji2:emoji2:1.3.0] AndroidManifest.xml:29:13-31:52
87                android:name="androidx.emoji2.text.EmojiCompatInitializer"
87-->[androidx.emoji2:emoji2:1.3.0] AndroidManifest.xml:30:17-75
88                android:value="androidx.startup" />
88-->[androidx.emoji2:emoji2:1.3.0] AndroidManifest.xml:31:17-49
89            <meta-data
89-->[androidx.lifecycle:lifecycle-process:2.8.4] AndroidManifest.xml:29:13-31:52
90                android:name="androidx.lifecycle.ProcessLifecycleInitializer"
90-->[androidx.lifecycle:lifecycle-process:2.8.4] AndroidManifest.xml:30:17-78
91                android:value="androidx.startup" />
91-->[androidx.lifecycle:lifecycle-process:2.8.4] AndroidManifest.xml:31:17-49
92            <meta-data
92-->[androidx.profileinstaller:profileinstaller:1.3.1] AndroidManifest.xml:29:13-31:52
93                android:name="androidx.profileinstaller.ProfileInstallerInitializer"
93-->[androidx.profileinstaller:profileinstaller:1.3.1] AndroidManifest.xml:30:17-85
94                android:value="androidx.startup" />
94-->[androidx.profileinstaller:profileinstaller:1.3.1] AndroidManifest.xml:31:17-49
95        </provider>
96
97        <receiver
97-->[androidx.profileinstaller:profileinstaller:1.3.1] AndroidManifest.xml:34:9-52:20
98            android:name="androidx.profileinstaller.ProfileInstallReceiver"
98-->[androidx.profileinstaller:profileinstaller:1.3.1] AndroidManifest.xml:35:13-76
99            android:directBootAware="false"
99-->[androidx.profileinstaller:profileinstaller:1.3.1] AndroidManifest.xml:36:13-44
100            android:enabled="true"
100-->[androidx.profileinstaller:profileinstaller:1.3.1] AndroidManifest.xml:37:13-35
101            android:exported="true"
101-->[androidx.profileinstaller:profileinstaller:1.3.1] AndroidManifest.xml:38:13-36
102            android:permission="android.permission.DUMP" >
102-->[androidx.profileinstaller:profileinstaller:1.3.1] AndroidManifest.xml:39:13-57
103            <intent-filter>
103-->[androidx.profileinstaller:profileinstaller:1.3.1] AndroidManifest.xml:40:13-42:29
104                <action android:name="androidx.profileinstaller.action.INSTALL_PROFILE" />
104-->[androidx.profileinstaller:profileinstaller:1.3.1] AndroidManifest.xml:41:17-91
104-->[androidx.profileinstaller:profileinstaller:1.3.1] AndroidManifest.xml:41:25-88
105            </intent-filter>
106            <intent-filter>
106-->[androidx.profileinstaller:profileinstaller:1.3.1] AndroidManifest.xml:43:13-45:29
107                <action android:name="androidx.profileinstaller.action.SKIP_FILE" />
107-->[androidx.profileinstaller:profileinstaller:1.3.1] AndroidManifest.xml:44:17-85
107-->[androidx.profileinstaller:profileinstaller:1.3.1] AndroidManifest.xml:44:25-82
108            </intent-filter>
109            <intent-filter>
109-->[androidx.profileinstaller:profileinstaller:1.3.1] AndroidManifest.xml:46:13-48:29
110                <action android:name="androidx.profileinstaller.action.SAVE_PROFILE" />
110-->[androidx.profileinstaller:profileinstaller:1.3.1] AndroidManifest.xml:47:17-88
110-->[androidx.profileinstaller:profileinstaller:1.3.1] AndroidManifest.xml:47:25-85
111            </intent-filter>
112            <intent-filter>
112-->[androidx.profileinstaller:profileinstaller:1.3.1] AndroidManifest.xml:49:13-51:29
113                <action android:name="androidx.profileinstaller.action.BENCHMARK_OPERATION" />
113-->[androidx.profileinstaller:profileinstaller:1.3.1] AndroidManifest.xml:50:17-95
113-->[androidx.profileinstaller:profileinstaller:1.3.1] AndroidManifest.xml:50:25-92
114            </intent-filter>
115        </receiver>
116    </application>
117
118</manifest>